{"/home/linothomas/golang/jatis_cloudapi/conversion_insight-api/button-login-jatis/login-sdk.js": {"path":"/home/linothomas/golang/jatis_cloudapi/conversion_insight-api/button-login-jatis/login-sdk.js","statementMap":{"0":{"start":{"line":1,"column":16},"end":{"line":1,"column":31}},"1":{"start":{"line":2,"column":14},"end":{"line":2,"column":27}},"2":{"start":{"line":6,"column":8},"end":{"line":6,"column":33}},"3":{"start":{"line":7,"column":8},"end":{"line":7,"column":25}},"4":{"start":{"line":8,"column":8},"end":{"line":8,"column":35}},"5":{"start":{"line":9,"column":8},"end":{"line":9,"column":35}},"6":{"start":{"line":10,"column":8},"end":{"line":10,"column":36}},"7":{"start":{"line":11,"column":8},"end":{"line":11,"column":39}},"8":{"start":{"line":15,"column":30},"end":{"line":15,"column":53}},"9":{"start":{"line":16,"column":22},"end":{"line":16,"column":43}},"10":{"start":{"line":17,"column":8},"end":{"line":20,"column":9}},"11":{"start":{"line":18,"column":12},"end":{"line":18,"column":66}},"12":{"start":{"line":19,"column":12},"end":{"line":19,"column":18}},"13":{"start":{"line":22,"column":30},"end":{"line":22,"column":68}},"14":{"start":{"line":23,"column":25},"end":{"line":23,"column":130}},"15":{"start":{"line":24,"column":8},"end":{"line":24,"column":40}},"16":{"start":{"line":26,"column":8},"end":{"line":26,"column":44}},"17":{"start":{"line":26,"column":35},"end":{"line":26,"column":42}},"18":{"start":{"line":28,"column":22},"end":{"line":28,"column":23}},"19":{"start":{"line":29,"column":27},"end":{"line":49,"column":32}},"20":{"start":{"line":30,"column":12},"end":{"line":43,"column":13}},"21":{"start":{"line":31,"column":30},"end":{"line":31,"column":73}},"22":{"start":{"line":32,"column":16},"end":{"line":37,"column":17}},"23":{"start":{"line":33,"column":20},"end":{"line":33,"column":54}},"24":{"start":{"line":34,"column":20},"end":{"line":34,"column":46}},"25":{"start":{"line":36,"column":20},"end":{"line":36,"column":26}},"26":{"start":{"line":39,"column":16},"end":{"line":39,"column":34}},"27":{"start":{"line":42,"column":16},"end":{"line":42,"column":77}},"28":{"start":{"line":45,"column":12},"end":{"line":45,"column":22}},"29":{"start":{"line":46,"column":12},"end":{"line":48,"column":13}},"30":{"start":{"line":47,"column":16},"end":{"line":47,"column":42}},"31":{"start":{"line":53,"column":30},"end":{"line":53,"column":53}},"32":{"start":{"line":54,"column":8},"end":{"line":56,"column":9}},"33":{"start":{"line":55,"column":12},"end":{"line":55,"column":19}},"34":{"start":{"line":58,"column":8},"end":{"line":58,"column":35}},"35":{"start":{"line":59,"column":8},"end":{"line":59,"column":33}},"36":{"start":{"line":60,"column":8},"end":{"line":60,"column":40}},"37":{"start":{"line":64,"column":29},"end":{"line":64,"column":50}},"38":{"start":{"line":65,"column":8},"end":{"line":65,"column":57}},"39":{"start":{"line":65,"column":36},"end":{"line":65,"column":55}},"40":{"start":{"line":67,"column":24},"end":{"line":67,"column":47}},"41":{"start":{"line":68,"column":8},"end":{"line":70,"column":9}},"42":{"start":{"line":69,"column":12},"end":{"line":69,"column":43}},"43":{"start":{"line":72,"column":8},"end":{"line":72,"column":20}},"44":{"start":{"line":76,"column":8},"end":{"line":105,"column":9}},"45":{"start":{"line":78,"column":28},"end":{"line":78,"column":48}},"46":{"start":{"line":80,"column":28},"end":{"line":80,"column":110}},"47":{"start":{"line":82,"column":29},"end":{"line":89,"column":14}},"48":{"start":{"line":90,"column":12},"end":{"line":92,"column":13}},"49":{"start":{"line":91,"column":16},"end":{"line":91,"column":82}},"50":{"start":{"line":94,"column":24},"end":{"line":94,"column":45}},"51":{"start":{"line":95,"column":12},"end":{"line":99,"column":13}},"52":{"start":{"line":96,"column":16},"end":{"line":96,"column":56}},"53":{"start":{"line":98,"column":16},"end":{"line":98,"column":36}},"54":{"start":{"line":101,"column":12},"end":{"line":101,"column":24}},"55":{"start":{"line":104,"column":12},"end":{"line":104,"column":24}},"56":{"start":{"line":109,"column":8},"end":{"line":130,"column":9}},"57":{"start":{"line":111,"column":28},"end":{"line":111,"column":48}},"58":{"start":{"line":112,"column":28},"end":{"line":112,"column":110}},"59":{"start":{"line":114,"column":29},"end":{"line":121,"column":14}},"60":{"start":{"line":122,"column":12},"end":{"line":124,"column":13}},"61":{"start":{"line":123,"column":16},"end":{"line":123,"column":81}},"62":{"start":{"line":126,"column":12},"end":{"line":126,"column":52}},"63":{"start":{"line":127,"column":12},"end":{"line":127,"column":37}},"64":{"start":{"line":129,"column":12},"end":{"line":129,"column":18}},"65":{"start":{"line":134,"column":24},"end":{"line":134,"column":71}},"66":{"start":{"line":135,"column":24},"end":{"line":135,"column":41}},"67":{"start":{"line":136,"column":21},"end":{"line":136,"column":44}},"68":{"start":{"line":137,"column":27},"end":{"line":137,"column":70}},"69":{"start":{"line":139,"column":26},"end":{"line":139,"column":64}},"70":{"start":{"line":140,"column":24},"end":{"line":140,"column":90}},"71":{"start":{"line":140,"column":46},"end":{"line":140,"column":80}},"72":{"start":{"line":141,"column":8},"end":{"line":141,"column":23}},"73":{"start":{"line":145,"column":28},"end":{"line":145,"column":55}},"74":{"start":{"line":146,"column":8},"end":{"line":151,"column":9}},"75":{"start":{"line":147,"column":46},"end":{"line":147,"column":63}},"76":{"start":{"line":148,"column":12},"end":{"line":150,"column":13}},"77":{"start":{"line":149,"column":16},"end":{"line":149,"column":55}},"78":{"start":{"line":152,"column":8},"end":{"line":152,"column":20}},"79":{"start":{"line":156,"column":21},"end":{"line":156,"column":31}},"80":{"start":{"line":157,"column":8},"end":{"line":157,"column":68}},"81":{"start":{"line":158,"column":24},"end":{"line":158,"column":55}},"82":{"start":{"line":160,"column":28},"end":{"line":160,"column":71}},"83":{"start":{"line":162,"column":8},"end":{"line":164,"column":9}},"84":{"start":{"line":163,"column":12},"end":{"line":163,"column":58}},"85":{"start":{"line":166,"column":8},"end":{"line":168,"column":9}},"86":{"start":{"line":167,"column":12},"end":{"line":167,"column":40}},"87":{"start":{"line":170,"column":8},"end":{"line":174,"column":9}},"88":{"start":{"line":171,"column":12},"end":{"line":171,"column":62}},"89":{"start":{"line":173,"column":12},"end":{"line":173,"column":46}},"90":{"start":{"line":176,"column":8},"end":{"line":176,"column":81}},"91":{"start":{"line":181,"column":12},"end":{"line":182,"column":55}},"92":{"start":{"line":183,"column":8},"end":{"line":183,"column":48}},"93":{"start":{"line":184,"column":8},"end":{"line":184,"column":27}},"94":{"start":{"line":188,"column":8},"end":{"line":188,"column":57}}},"fnMap":{"0":{"name":"(anonymous_0)","decl":{"start":{"line":5,"column":4},"end":{"line":5,"column":5}},"loc":{"start":{"line":5,"column":82},"end":{"line":12,"column":5}},"line":5},"1":{"name":"(anonymous_1)","decl":{"start":{"line":14,"column":4},"end":{"line":14,"column":5}},"loc":{"start":{"line":14,"column":18},"end":{"line":50,"column":5}},"line":14},"2":{"name":"(anonymous_2)","decl":{"start":{"line":29,"column":39},"end":{"line":29,"column":40}},"loc":{"start":{"line":29,"column":51},"end":{"line":49,"column":9}},"line":29},"3":{"name":"(anonymous_3)","decl":{"start":{"line":52,"column":4},"end":{"line":52,"column":5}},"loc":{"start":{"line":52,"column":13},"end":{"line":61,"column":5}},"line":52},"4":{"name":"(anonymous_4)","decl":{"start":{"line":63,"column":4},"end":{"line":63,"column":5}},"loc":{"start":{"line":63,"column":21},"end":{"line":73,"column":5}},"line":63},"5":{"name":"(anonymous_5)","decl":{"start":{"line":133,"column":4},"end":{"line":133,"column":5}},"loc":{"start":{"line":133,"column":66},"end":{"line":142,"column":5}},"line":133},"6":{"name":"(anonymous_6)","decl":{"start":{"line":140,"column":38},"end":{"line":140,"column":39}},"loc":{"start":{"line":140,"column":46},"end":{"line":140,"column":80}},"line":140},"7":{"name":"(anonymous_7)","decl":{"start":{"line":144,"column":4},"end":{"line":144,"column":5}},"loc":{"start":{"line":144,"column":20},"end":{"line":153,"column":5}},"line":144},"8":{"name":"(anonymous_8)","decl":{"start":{"line":155,"column":4},"end":{"line":155,"column":5}},"loc":{"start":{"line":155,"column":47},"end":{"line":177,"column":5}},"line":155},"9":{"name":"(anonymous_9)","decl":{"start":{"line":179,"column":4},"end":{"line":179,"column":5}},"loc":{"start":{"line":179,"column":37},"end":{"line":185,"column":5}},"line":179},"10":{"name":"(anonymous_10)","decl":{"start":{"line":187,"column":4},"end":{"line":187,"column":5}},"loc":{"start":{"line":187,"column":23},"end":{"line":189,"column":5}},"line":187}},"branchMap":{"0":{"loc":{"start":{"line":5,"column":47},"end":{"line":5,"column":61}},"type":"default-arg","locations":[{"start":{"line":5,"column":59},"end":{"line":5,"column":61}}],"line":5},"1":{"loc":{"start":{"line":5,"column":63},"end":{"line":5,"column":78}},"type":"default-arg","locations":[{"start":{"line":5,"column":77},"end":{"line":5,"column":78}}],"line":5},"2":{"loc":{"start":{"line":17,"column":8},"end":{"line":20,"column":9}},"type":"if","locations":[{"start":{"line":17,"column":8},"end":{"line":20,"column":9}},{"start":{},"end":{}}],"line":17},"3":{"loc":{"start":{"line":17,"column":12},"end":{"line":17,"column":50}},"type":"binary-expr","locations":[{"start":{"line":17,"column":12},"end":{"line":17,"column":33}},{"start":{"line":17,"column":37},"end":{"line":17,"column":50}}],"line":17},"4":{"loc":{"start":{"line":26,"column":8},"end":{"line":26,"column":44}},"type":"if","locations":[{"start":{"line":26,"column":8},"end":{"line":26,"column":44}},{"start":{},"end":{}}],"line":26},"5":{"loc":{"start":{"line":32,"column":16},"end":{"line":37,"column":17}},"type":"if","locations":[{"start":{"line":32,"column":16},"end":{"line":37,"column":17}},{"start":{},"end":{}}],"line":32},"6":{"loc":{"start":{"line":46,"column":12},"end":{"line":48,"column":13}},"type":"if","locations":[{"start":{"line":46,"column":12},"end":{"line":48,"column":13}},{"start":{},"end":{}}],"line":46},"7":{"loc":{"start":{"line":54,"column":8},"end":{"line":56,"column":9}},"type":"if","locations":[{"start":{"line":54,"column":8},"end":{"line":56,"column":9}},{"start":{},"end":{}}],"line":54},"8":{"loc":{"start":{"line":65,"column":8},"end":{"line":65,"column":57}},"type":"if","locations":[{"start":{"line":65,"column":8},"end":{"line":65,"column":57}},{"start":{},"end":{}}],"line":65},"9":{"loc":{"start":{"line":68,"column":8},"end":{"line":70,"column":9}},"type":"if","locations":[{"start":{"line":68,"column":8},"end":{"line":70,"column":9}},{"start":{},"end":{}}],"line":68},"10":{"loc":{"start":{"line":90,"column":12},"end":{"line":92,"column":13}},"type":"if","locations":[{"start":{"line":90,"column":12},"end":{"line":92,"column":13}},{"start":{},"end":{}}],"line":90},"11":{"loc":{"start":{"line":95,"column":12},"end":{"line":99,"column":13}},"type":"if","locations":[{"start":{"line":95,"column":12},"end":{"line":99,"column":13}},{"start":{},"end":{}}],"line":95},"12":{"loc":{"start":{"line":95,"column":16},"end":{"line":95,"column":43}},"type":"binary-expr","locations":[{"start":{"line":95,"column":16},"end":{"line":95,"column":19}},{"start":{"line":95,"column":23},"end":{"line":95,"column":43}}],"line":95},"13":{"loc":{"start":{"line":122,"column":12},"end":{"line":124,"column":13}},"type":"if","locations":[{"start":{"line":122,"column":12},"end":{"line":124,"column":13}},{"start":{},"end":{}}],"line":122},"14":{"loc":{"start":{"line":148,"column":12},"end":{"line":150,"column":13}},"type":"if","locations":[{"start":{"line":148,"column":12},"end":{"line":150,"column":13}},{"start":{},"end":{}}],"line":148},"15":{"loc":{"start":{"line":155,"column":33},"end":{"line":155,"column":45}},"type":"default-arg","locations":[{"start":{"line":155,"column":43},"end":{"line":155,"column":45}}],"line":155},"16":{"loc":{"start":{"line":160,"column":50},"end":{"line":160,"column":69}},"type":"binary-expr","locations":[{"start":{"line":160,"column":50},"end":{"line":160,"column":62}},{"start":{"line":160,"column":66},"end":{"line":160,"column":69}}],"line":160},"17":{"loc":{"start":{"line":162,"column":8},"end":{"line":164,"column":9}},"type":"if","locations":[{"start":{"line":162,"column":8},"end":{"line":164,"column":9}},{"start":{},"end":{}}],"line":162},"18":{"loc":{"start":{"line":166,"column":8},"end":{"line":168,"column":9}},"type":"if","locations":[{"start":{"line":166,"column":8},"end":{"line":168,"column":9}},{"start":{},"end":{}}],"line":166},"19":{"loc":{"start":{"line":170,"column":8},"end":{"line":174,"column":9}},"type":"if","locations":[{"start":{"line":170,"column":8},"end":{"line":174,"column":9}},{"start":{"line":172,"column":15},"end":{"line":174,"column":9}}],"line":170}},"s":{"0":3,"1":3,"2":7,"3":7,"4":7,"5":7,"6":7,"7":7,"8":3,"9":3,"10":3,"11":1,"12":1,"13":2,"14":2,"15":2,"16":2,"17":0,"18":2,"19":2,"20":2,"21":2,"22":1,"23":1,"24":1,"25":1,"26":0,"27":1,"28":1,"29":1,"30":0,"31":2,"32":2,"33":1,"34":1,"35":1,"36":1,"37":2,"38":2,"39":1,"40":1,"41":1,"42":1,"43":1,"44":3,"45":3,"46":3,"47":2,"48":2,"49":0,"50":2,"51":2,"52":2,"53":2,"54":0,"55":1,"56":1,"57":1,"58":1,"59":1,"60":1,"61":0,"62":1,"63":1,"64":0,"65":1,"66":1,"67":1,"68":1,"69":0,"70":0,"71":0,"72":0,"73":6,"74":6,"75":6,"76":6,"77":2,"78":4,"79":4,"80":4,"81":4,"82":4,"83":4,"84":0,"85":4,"86":0,"87":4,"88":0,"89":4,"90":4,"91":2,"92":2,"93":2,"94":2},"f":{"0":7,"1":3,"2":2,"3":2,"4":2,"5":1,"6":0,"7":6,"8":4,"9":2,"10":2},"b":{"0":[0],"1":[7],"2":[1,2],"3":[3,1],"4":[0,2],"5":[1,0],"6":[0,1],"7":[1,1],"8":[1,1],"9":[1,0],"10":[0,2],"11":[2,0],"12":[2,2],"13":[0,1],"14":[2,4],"15":[4],"16":[4,4],"17":[0,4],"18":[0,4],"19":[0,4]},"_coverageSchema":"1a1c01bbd47fc00a2c39e90264f33305004495a9","hash":"64ec8823584ec095d507463a6f1970eea6a9e429"}
}
