{"/home/linothomas/golang/jatis_cloudapi/conversion_insight-api/button-login-jatis/login-sdk.js": {"path":"/home/linothomas/golang/jatis_cloudapi/conversion_insight-api/button-login-jatis/login-sdk.js","statementMap":{"0":{"start":{"line":1,"column":16},"end":{"line":1,"column":31}},"1":{"start":{"line":2,"column":14},"end":{"line":2,"column":27}},"2":{"start":{"line":3,"column":15},"end":{"line":3,"column":32}},"3":{"start":{"line":4,"column":24},"end":{"line":4,"column":39}},"4":{"start":{"line":8,"column":8},"end":{"line":8,"column":33}},"5":{"start":{"line":9,"column":8},"end":{"line":9,"column":25}},"6":{"start":{"line":10,"column":8},"end":{"line":10,"column":35}},"7":{"start":{"line":11,"column":8},"end":{"line":11,"column":35}},"8":{"start":{"line":12,"column":8},"end":{"line":12,"column":36}},"9":{"start":{"line":13,"column":8},"end":{"line":13,"column":39}},"10":{"start":{"line":17,"column":30},"end":{"line":17,"column":53}},"11":{"start":{"line":18,"column":22},"end":{"line":18,"column":43}},"12":{"start":{"line":19,"column":8},"end":{"line":22,"column":9}},"13":{"start":{"line":20,"column":12},"end":{"line":20,"column":66}},"14":{"start":{"line":21,"column":12},"end":{"line":21,"column":18}},"15":{"start":{"line":24,"column":30},"end":{"line":24,"column":68}},"16":{"start":{"line":25,"column":25},"end":{"line":25,"column":130}},"17":{"start":{"line":26,"column":8},"end":{"line":26,"column":40}},"18":{"start":{"line":28,"column":8},"end":{"line":28,"column":44}},"19":{"start":{"line":28,"column":35},"end":{"line":28,"column":42}},"20":{"start":{"line":30,"column":22},"end":{"line":30,"column":23}},"21":{"start":{"line":31,"column":27},"end":{"line":51,"column":32}},"22":{"start":{"line":32,"column":12},"end":{"line":45,"column":13}},"23":{"start":{"line":33,"column":30},"end":{"line":33,"column":73}},"24":{"start":{"line":34,"column":16},"end":{"line":39,"column":17}},"25":{"start":{"line":35,"column":20},"end":{"line":35,"column":54}},"26":{"start":{"line":36,"column":20},"end":{"line":36,"column":46}},"27":{"start":{"line":38,"column":20},"end":{"line":38,"column":26}},"28":{"start":{"line":41,"column":16},"end":{"line":41,"column":34}},"29":{"start":{"line":44,"column":16},"end":{"line":44,"column":77}},"30":{"start":{"line":47,"column":12},"end":{"line":47,"column":22}},"31":{"start":{"line":48,"column":12},"end":{"line":50,"column":13}},"32":{"start":{"line":49,"column":16},"end":{"line":49,"column":42}},"33":{"start":{"line":55,"column":30},"end":{"line":55,"column":53}},"34":{"start":{"line":56,"column":8},"end":{"line":58,"column":9}},"35":{"start":{"line":57,"column":12},"end":{"line":57,"column":19}},"36":{"start":{"line":60,"column":8},"end":{"line":60,"column":35}},"37":{"start":{"line":61,"column":8},"end":{"line":61,"column":33}},"38":{"start":{"line":62,"column":8},"end":{"line":62,"column":40}},"39":{"start":{"line":66,"column":29},"end":{"line":66,"column":50}},"40":{"start":{"line":67,"column":8},"end":{"line":67,"column":57}},"41":{"start":{"line":67,"column":36},"end":{"line":67,"column":55}},"42":{"start":{"line":69,"column":24},"end":{"line":69,"column":47}},"43":{"start":{"line":70,"column":8},"end":{"line":72,"column":9}},"44":{"start":{"line":71,"column":12},"end":{"line":71,"column":43}},"45":{"start":{"line":74,"column":8},"end":{"line":74,"column":20}},"46":{"start":{"line":78,"column":8},"end":{"line":105,"column":9}},"47":{"start":{"line":79,"column":28},"end":{"line":79,"column":48}},"48":{"start":{"line":80,"column":28},"end":{"line":80,"column":110}},"49":{"start":{"line":82,"column":29},"end":{"line":89,"column":14}},"50":{"start":{"line":90,"column":12},"end":{"line":92,"column":13}},"51":{"start":{"line":91,"column":16},"end":{"line":91,"column":82}},"52":{"start":{"line":94,"column":24},"end":{"line":94,"column":45}},"53":{"start":{"line":95,"column":12},"end":{"line":99,"column":13}},"54":{"start":{"line":96,"column":16},"end":{"line":96,"column":56}},"55":{"start":{"line":98,"column":16},"end":{"line":98,"column":36}},"56":{"start":{"line":101,"column":12},"end":{"line":101,"column":24}},"57":{"start":{"line":104,"column":12},"end":{"line":104,"column":24}},"58":{"start":{"line":109,"column":8},"end":{"line":129,"column":9}},"59":{"start":{"line":110,"column":28},"end":{"line":110,"column":48}},"60":{"start":{"line":111,"column":28},"end":{"line":111,"column":110}},"61":{"start":{"line":113,"column":29},"end":{"line":120,"column":14}},"62":{"start":{"line":121,"column":12},"end":{"line":123,"column":13}},"63":{"start":{"line":122,"column":16},"end":{"line":122,"column":81}},"64":{"start":{"line":125,"column":12},"end":{"line":125,"column":52}},"65":{"start":{"line":126,"column":12},"end":{"line":126,"column":37}},"66":{"start":{"line":128,"column":12},"end":{"line":128,"column":18}},"67":{"start":{"line":133,"column":24},"end":{"line":133,"column":71}},"68":{"start":{"line":134,"column":24},"end":{"line":134,"column":41}},"69":{"start":{"line":135,"column":21},"end":{"line":135,"column":44}},"70":{"start":{"line":136,"column":27},"end":{"line":136,"column":70}},"71":{"start":{"line":137,"column":26},"end":{"line":137,"column":64}},"72":{"start":{"line":138,"column":24},"end":{"line":138,"column":90}},"73":{"start":{"line":138,"column":46},"end":{"line":138,"column":80}},"74":{"start":{"line":139,"column":8},"end":{"line":139,"column":23}},"75":{"start":{"line":143,"column":28},"end":{"line":143,"column":55}},"76":{"start":{"line":144,"column":8},"end":{"line":149,"column":9}},"77":{"start":{"line":145,"column":46},"end":{"line":145,"column":63}},"78":{"start":{"line":146,"column":12},"end":{"line":148,"column":13}},"79":{"start":{"line":147,"column":16},"end":{"line":147,"column":55}},"80":{"start":{"line":150,"column":8},"end":{"line":150,"column":20}},"81":{"start":{"line":154,"column":21},"end":{"line":154,"column":31}},"82":{"start":{"line":155,"column":8},"end":{"line":155,"column":68}},"83":{"start":{"line":156,"column":24},"end":{"line":156,"column":55}},"84":{"start":{"line":158,"column":28},"end":{"line":158,"column":71}},"85":{"start":{"line":160,"column":8},"end":{"line":162,"column":9}},"86":{"start":{"line":161,"column":12},"end":{"line":161,"column":58}},"87":{"start":{"line":164,"column":8},"end":{"line":166,"column":9}},"88":{"start":{"line":165,"column":12},"end":{"line":165,"column":40}},"89":{"start":{"line":168,"column":8},"end":{"line":172,"column":9}},"90":{"start":{"line":169,"column":12},"end":{"line":169,"column":62}},"91":{"start":{"line":171,"column":12},"end":{"line":171,"column":46}},"92":{"start":{"line":174,"column":8},"end":{"line":174,"column":81}},"93":{"start":{"line":179,"column":12},"end":{"line":180,"column":55}},"94":{"start":{"line":181,"column":8},"end":{"line":181,"column":48}},"95":{"start":{"line":182,"column":8},"end":{"line":182,"column":27}},"96":{"start":{"line":186,"column":8},"end":{"line":186,"column":57}},"97":{"start":{"line":194,"column":0},"end":{"line":194,"column":28}}},"fnMap":{"0":{"name":"(anonymous_0)","decl":{"start":{"line":7,"column":4},"end":{"line":7,"column":5}},"loc":{"start":{"line":7,"column":82},"end":{"line":14,"column":5}},"line":7},"1":{"name":"(anonymous_1)","decl":{"start":{"line":16,"column":4},"end":{"line":16,"column":5}},"loc":{"start":{"line":16,"column":18},"end":{"line":52,"column":5}},"line":16},"2":{"name":"(anonymous_2)","decl":{"start":{"line":31,"column":39},"end":{"line":31,"column":40}},"loc":{"start":{"line":31,"column":51},"end":{"line":51,"column":9}},"line":31},"3":{"name":"(anonymous_3)","decl":{"start":{"line":54,"column":4},"end":{"line":54,"column":5}},"loc":{"start":{"line":54,"column":13},"end":{"line":63,"column":5}},"line":54},"4":{"name":"(anonymous_4)","decl":{"start":{"line":65,"column":4},"end":{"line":65,"column":5}},"loc":{"start":{"line":65,"column":21},"end":{"line":75,"column":5}},"line":65},"5":{"name":"(anonymous_5)","decl":{"start":{"line":132,"column":4},"end":{"line":132,"column":5}},"loc":{"start":{"line":132,"column":66},"end":{"line":140,"column":5}},"line":132},"6":{"name":"(anonymous_6)","decl":{"start":{"line":138,"column":38},"end":{"line":138,"column":39}},"loc":{"start":{"line":138,"column":46},"end":{"line":138,"column":80}},"line":138},"7":{"name":"(anonymous_7)","decl":{"start":{"line":142,"column":4},"end":{"line":142,"column":5}},"loc":{"start":{"line":142,"column":20},"end":{"line":151,"column":5}},"line":142},"8":{"name":"(anonymous_8)","decl":{"start":{"line":153,"column":4},"end":{"line":153,"column":5}},"loc":{"start":{"line":153,"column":47},"end":{"line":175,"column":5}},"line":153},"9":{"name":"(anonymous_9)","decl":{"start":{"line":177,"column":4},"end":{"line":177,"column":5}},"loc":{"start":{"line":177,"column":37},"end":{"line":183,"column":5}},"line":177},"10":{"name":"(anonymous_10)","decl":{"start":{"line":185,"column":4},"end":{"line":185,"column":5}},"loc":{"start":{"line":185,"column":23},"end":{"line":187,"column":5}},"line":185}},"branchMap":{"0":{"loc":{"start":{"line":7,"column":47},"end":{"line":7,"column":61}},"type":"default-arg","locations":[{"start":{"line":7,"column":59},"end":{"line":7,"column":61}}],"line":7},"1":{"loc":{"start":{"line":7,"column":63},"end":{"line":7,"column":78}},"type":"default-arg","locations":[{"start":{"line":7,"column":77},"end":{"line":7,"column":78}}],"line":7},"2":{"loc":{"start":{"line":19,"column":8},"end":{"line":22,"column":9}},"type":"if","locations":[{"start":{"line":19,"column":8},"end":{"line":22,"column":9}},{"start":{},"end":{}}],"line":19},"3":{"loc":{"start":{"line":19,"column":12},"end":{"line":19,"column":50}},"type":"binary-expr","locations":[{"start":{"line":19,"column":12},"end":{"line":19,"column":33}},{"start":{"line":19,"column":37},"end":{"line":19,"column":50}}],"line":19},"4":{"loc":{"start":{"line":28,"column":8},"end":{"line":28,"column":44}},"type":"if","locations":[{"start":{"line":28,"column":8},"end":{"line":28,"column":44}},{"start":{},"end":{}}],"line":28},"5":{"loc":{"start":{"line":34,"column":16},"end":{"line":39,"column":17}},"type":"if","locations":[{"start":{"line":34,"column":16},"end":{"line":39,"column":17}},{"start":{},"end":{}}],"line":34},"6":{"loc":{"start":{"line":48,"column":12},"end":{"line":50,"column":13}},"type":"if","locations":[{"start":{"line":48,"column":12},"end":{"line":50,"column":13}},{"start":{},"end":{}}],"line":48},"7":{"loc":{"start":{"line":56,"column":8},"end":{"line":58,"column":9}},"type":"if","locations":[{"start":{"line":56,"column":8},"end":{"line":58,"column":9}},{"start":{},"end":{}}],"line":56},"8":{"loc":{"start":{"line":67,"column":8},"end":{"line":67,"column":57}},"type":"if","locations":[{"start":{"line":67,"column":8},"end":{"line":67,"column":57}},{"start":{},"end":{}}],"line":67},"9":{"loc":{"start":{"line":70,"column":8},"end":{"line":72,"column":9}},"type":"if","locations":[{"start":{"line":70,"column":8},"end":{"line":72,"column":9}},{"start":{},"end":{}}],"line":70},"10":{"loc":{"start":{"line":90,"column":12},"end":{"line":92,"column":13}},"type":"if","locations":[{"start":{"line":90,"column":12},"end":{"line":92,"column":13}},{"start":{},"end":{}}],"line":90},"11":{"loc":{"start":{"line":95,"column":12},"end":{"line":99,"column":13}},"type":"if","locations":[{"start":{"line":95,"column":12},"end":{"line":99,"column":13}},{"start":{},"end":{}}],"line":95},"12":{"loc":{"start":{"line":95,"column":16},"end":{"line":95,"column":43}},"type":"binary-expr","locations":[{"start":{"line":95,"column":16},"end":{"line":95,"column":19}},{"start":{"line":95,"column":23},"end":{"line":95,"column":43}}],"line":95},"13":{"loc":{"start":{"line":121,"column":12},"end":{"line":123,"column":13}},"type":"if","locations":[{"start":{"line":121,"column":12},"end":{"line":123,"column":13}},{"start":{},"end":{}}],"line":121},"14":{"loc":{"start":{"line":146,"column":12},"end":{"line":148,"column":13}},"type":"if","locations":[{"start":{"line":146,"column":12},"end":{"line":148,"column":13}},{"start":{},"end":{}}],"line":146},"15":{"loc":{"start":{"line":153,"column":33},"end":{"line":153,"column":45}},"type":"default-arg","locations":[{"start":{"line":153,"column":43},"end":{"line":153,"column":45}}],"line":153},"16":{"loc":{"start":{"line":158,"column":50},"end":{"line":158,"column":69}},"type":"binary-expr","locations":[{"start":{"line":158,"column":50},"end":{"line":158,"column":62}},{"start":{"line":158,"column":66},"end":{"line":158,"column":69}}],"line":158},"17":{"loc":{"start":{"line":160,"column":8},"end":{"line":162,"column":9}},"type":"if","locations":[{"start":{"line":160,"column":8},"end":{"line":162,"column":9}},{"start":{},"end":{}}],"line":160},"18":{"loc":{"start":{"line":164,"column":8},"end":{"line":166,"column":9}},"type":"if","locations":[{"start":{"line":164,"column":8},"end":{"line":166,"column":9}},{"start":{},"end":{}}],"line":164},"19":{"loc":{"start":{"line":168,"column":8},"end":{"line":172,"column":9}},"type":"if","locations":[{"start":{"line":168,"column":8},"end":{"line":172,"column":9}},{"start":{"line":170,"column":15},"end":{"line":172,"column":9}}],"line":168}},"s":{"0":2,"1":2,"2":2,"3":2,"4":3,"5":3,"6":3,"7":3,"8":3,"9":3,"10":0,"11":0,"12":0,"13":0,"14":0,"15":0,"16":0,"17":0,"18":0,"19":0,"20":0,"21":0,"22":0,"23":0,"24":0,"25":0,"26":0,"27":0,"28":0,"29":0,"30":0,"31":0,"32":0,"33":2,"34":2,"35":1,"36":1,"37":1,"38":1,"39":1,"40":1,"41":1,"42":0,"43":0,"44":0,"45":0,"46":0,"47":0,"48":0,"49":0,"50":0,"51":0,"52":0,"53":0,"54":0,"55":0,"56":0,"57":0,"58":1,"59":1,"60":1,"61":0,"62":0,"63":0,"64":0,"65":0,"66":0,"67":1,"68":1,"69":1,"70":1,"71":0,"72":0,"73":0,"74":0,"75":2,"76":2,"77":2,"78":2,"79":2,"80":0,"81":0,"82":0,"83":0,"84":0,"85":0,"86":0,"87":0,"88":0,"89":0,"90":0,"91":0,"92":0,"93":0,"94":0,"95":0,"96":2,"97":2},"f":{"0":3,"1":0,"2":0,"3":2,"4":1,"5":1,"6":0,"7":2,"8":0,"9":0,"10":2},"b":{"0":[0],"1":[3],"2":[0,0],"3":[0,0],"4":[0,0],"5":[0,0],"6":[0,0],"7":[1,1],"8":[1,0],"9":[0,0],"10":[0,0],"11":[0,0],"12":[0,0],"13":[0,0],"14":[2,0],"15":[0],"16":[0,0],"17":[0,0],"18":[0,0],"19":[0,0]},"_coverageSchema":"1a1c01bbd47fc00a2c39e90264f33305004495a9","hash":"9520b19c31a0b40e4d8ee19f582817f0c2738fe3"}
}
