TN:
SF:login-sdk.js
FN:7,(anonymous_0)
FN:16,(anonymous_1)
FN:31,(anonymous_2)
FN:54,(anonymous_3)
FN:65,(anonymous_4)
FN:132,(anonymous_5)
FN:138,(anonymous_6)
FN:142,(anonymous_7)
FN:153,(anonymous_8)
FN:177,(anonymous_9)
FN:185,(anonymous_10)
FNF:11
FNH:6
FNDA:3,(anonymous_0)
FNDA:0,(anonymous_1)
FNDA:0,(anonymous_2)
FNDA:2,(anonymous_3)
FNDA:1,(anonymous_4)
FNDA:1,(anonymous_5)
FNDA:0,(anonymous_6)
FNDA:2,(anonymous_7)
FNDA:0,(anonymous_8)
FNDA:0,(anonymous_9)
FNDA:2,(anonymous_10)
DA:1,2
DA:2,2
DA:3,2
DA:4,2
DA:8,3
DA:9,3
DA:10,3
DA:11,3
DA:12,3
DA:13,3
DA:17,0
DA:18,0
DA:19,0
DA:20,0
DA:21,0
DA:24,0
DA:25,0
DA:26,0
DA:28,0
DA:30,0
DA:31,0
DA:32,0
DA:33,0
DA:34,0
DA:35,0
DA:36,0
DA:38,0
DA:41,0
DA:44,0
DA:47,0
DA:48,0
DA:49,0
DA:55,2
DA:56,2
DA:57,1
DA:60,1
DA:61,1
DA:62,1
DA:66,1
DA:67,1
DA:69,0
DA:70,0
DA:71,0
DA:74,0
DA:78,0
DA:79,0
DA:80,0
DA:82,0
DA:90,0
DA:91,0
DA:94,0
DA:95,0
DA:96,0
DA:98,0
DA:101,0
DA:104,0
DA:109,1
DA:110,1
DA:111,1
DA:113,0
DA:121,0
DA:122,0
DA:125,0
DA:126,0
DA:128,0
DA:133,1
DA:134,1
DA:135,1
DA:136,1
DA:137,0
DA:138,0
DA:139,0
DA:143,2
DA:144,2
DA:145,2
DA:146,2
DA:147,2
DA:150,0
DA:154,0
DA:155,0
DA:156,0
DA:158,0
DA:160,0
DA:161,0
DA:164,0
DA:165,0
DA:168,0
DA:169,0
DA:171,0
DA:174,0
DA:179,0
DA:181,0
DA:182,0
DA:186,2
DA:194,2
LF:95
LH:32
BRDA:7,0,0,0
BRDA:7,1,0,3
BRDA:19,2,0,0
BRDA:19,2,1,0
BRDA:19,3,0,0
BRDA:19,3,1,0
BRDA:28,4,0,0
BRDA:28,4,1,0
BRDA:34,5,0,0
BRDA:34,5,1,0
BRDA:48,6,0,0
BRDA:48,6,1,0
BRDA:56,7,0,1
BRDA:56,7,1,1
BRDA:67,8,0,1
BRDA:67,8,1,0
BRDA:70,9,0,0
BRDA:70,9,1,0
BRDA:90,10,0,0
BRDA:90,10,1,0
BRDA:95,11,0,0
BRDA:95,11,1,0
BRDA:95,12,0,0
BRDA:95,12,1,0
BRDA:121,13,0,0
BRDA:121,13,1,0
BRDA:146,14,0,2
BRDA:146,14,1,0
BRDA:153,15,0,0
BRDA:158,16,0,0
BRDA:158,16,1,0
BRDA:160,17,0,0
BRDA:160,17,1,0
BRDA:164,18,0,0
BRDA:164,18,1,0
BRDA:168,19,0,0
BRDA:168,19,1,0
BRF:37
BRH:5
end_of_record
