TN:
SF:login-sdk.js
FN:5,(anonymous_0)
FN:14,(anonymous_1)
FN:29,(anonymous_2)
FN:52,(anonymous_3)
FN:63,(anonymous_4)
FN:133,(anonymous_5)
FN:140,(anonymous_6)
FN:144,(anonymous_7)
FN:155,(anonymous_8)
FN:179,(anonymous_9)
FN:187,(anonymous_10)
FNF:11
FNH:10
FNDA:7,(anonymous_0)
FNDA:3,(anonymous_1)
FNDA:2,(anonymous_2)
FNDA:2,(anonymous_3)
FNDA:2,(anonymous_4)
FNDA:1,(anonymous_5)
FNDA:0,(anonymous_6)
FNDA:6,(anonymous_7)
FNDA:4,(anonymous_8)
FNDA:2,(anonymous_9)
FNDA:2,(anonymous_10)
DA:1,3
DA:2,3
DA:6,7
DA:7,7
DA:8,7
DA:9,7
DA:10,7
DA:11,7
DA:15,3
DA:16,3
DA:17,3
DA:18,1
DA:19,1
DA:22,2
DA:23,2
DA:24,2
DA:26,2
DA:28,2
DA:29,2
DA:30,2
DA:31,2
DA:32,1
DA:33,1
DA:34,1
DA:36,1
DA:39,0
DA:42,1
DA:45,1
DA:46,1
DA:47,0
DA:53,2
DA:54,2
DA:55,1
DA:58,1
DA:59,1
DA:60,1
DA:64,2
DA:65,2
DA:67,1
DA:68,1
DA:69,1
DA:72,1
DA:76,3
DA:78,3
DA:80,3
DA:82,2
DA:90,2
DA:91,0
DA:94,2
DA:95,2
DA:96,2
DA:98,2
DA:101,0
DA:104,1
DA:109,1
DA:111,1
DA:112,1
DA:114,1
DA:122,1
DA:123,0
DA:126,1
DA:127,1
DA:129,0
DA:134,1
DA:135,1
DA:136,1
DA:137,1
DA:139,0
DA:140,0
DA:141,0
DA:145,6
DA:146,6
DA:147,6
DA:148,6
DA:149,2
DA:152,4
DA:156,4
DA:157,4
DA:158,4
DA:160,4
DA:162,4
DA:163,0
DA:166,4
DA:167,0
DA:170,4
DA:171,0
DA:173,4
DA:176,4
DA:181,2
DA:183,2
DA:184,2
DA:188,2
LF:92
LH:80
BRDA:5,0,0,0
BRDA:5,1,0,7
BRDA:17,2,0,1
BRDA:17,2,1,2
BRDA:17,3,0,3
BRDA:17,3,1,1
BRDA:26,4,0,0
BRDA:26,4,1,2
BRDA:32,5,0,1
BRDA:32,5,1,0
BRDA:46,6,0,0
BRDA:46,6,1,1
BRDA:54,7,0,1
BRDA:54,7,1,1
BRDA:65,8,0,1
BRDA:65,8,1,1
BRDA:68,9,0,1
BRDA:68,9,1,0
BRDA:90,10,0,0
BRDA:90,10,1,2
BRDA:95,11,0,2
BRDA:95,11,1,0
BRDA:95,12,0,2
BRDA:95,12,1,2
BRDA:122,13,0,0
BRDA:122,13,1,1
BRDA:148,14,0,2
BRDA:148,14,1,4
BRDA:155,15,0,4
BRDA:160,16,0,4
BRDA:160,16,1,4
BRDA:162,17,0,0
BRDA:162,17,1,4
BRDA:166,18,0,0
BRDA:166,18,1,4
BRDA:170,19,0,0
BRDA:170,19,1,4
BRF:37
BRH:26
end_of_record
